[     733ms] [ERROR] Failed to load resource: the server responded with a status of 405 () @ https://ares.alwaysdata.net/api/auth/login/:0
[   10266ms] [ERROR] Failed to load resource: the server responded with a status of 401 () @ https://ares.alwaysdata.net/api/auth/login/:0
[   32030ms] [ERROR] Failed to load resource: the server responded with a status of 404 () @ https://ares.alwaysdata.net/api/holidays/:0
[   35683ms] [ERROR] Failed to load resource: the server responded with a status of 404 () @ https://ares.alwaysdata.net/api/holidays/:0
[   75582ms] [ERROR] Failed to load resource: the server responded with a status of 401 () @ https://ares.alwaysdata.net/api/:0
[   81689ms] [ERROR] Failed to load resource: the server responded with a status of 404 () @ https://ares.alwaysdata.net/api/holidays/:0
[   88489ms] [ERROR] Failed to load resource: the server responded with a status of 401 () @ https://ares.alwaysdata.net/api/students/:0
[  372274ms] [ERROR] Failed to load resource: the server responded with a status of 404 () @ https://ares.alwaysdata.net/api/holidays/:0
[  390708ms] [ERROR] Failed to load resource: the server responded with a status of 404 () @ https://ares.alwaysdata.net/api/holidays/:0
[  394308ms] [ERROR] Failed to load resource: the server responded with a status of 404 () @ https://ares.alwaysdata.net/api/holidays/:0
[  459187ms] [ERROR] Failed to load resource: the server responded with a status of 404 () @ https://ares.alwaysdata.net/api/holidays:0
[  465001ms] [ERROR] Failed to load resource: the server responded with a status of 401 () @ https://ares.alwaysdata.net/api/students/:0
[  465173ms] [ERROR] Failed to load resource: the server responded with a status of 401 () @ https://ares.alwaysdata.net/api/books/:0
[  465355ms] [ERROR] Failed to load resource: the server responded with a status of 404 () @ https://ares.alwaysdata.net/api/attendance/:0
[  465525ms] [ERROR] Failed to load resource: the server responded with a status of 404 () @ https://ares.alwaysdata.net/api/holidays/:0
[  465697ms] [ERROR] Failed to load resource: the server responded with a status of 401 () @ https://ares.alwaysdata.net/api/settings/:0
[  541166ms] [ERROR] Failed to load resource: the server responded with a status of 404 () @ https://ares.alwaysdata.net/api/holidays/:0
[  792614ms] [ERROR] Failed to load resource: the server responded with a status of 401 () @ https://ares.alwaysdata.net/api/holidays/:0
[  799394ms] [ERROR] Failed to load resource: the server responded with a status of 401 () @ https://ares.alwaysdata.net/api/holidays/:0
[  799562ms] [ERROR] Failed to load resource: the server responded with a status of 401 () @ https://ares.alwaysdata.net/api/attendance/:0
[  799741ms] [ERROR] Failed to load resource: the server responded with a status of 401 () @ https://ares.alwaysdata.net/api/attendance/batch/:0
[  799910ms] [ERROR] Failed to load resource: the server responded with a status of 401 () @ https://ares.alwaysdata.net/api/attendance/summary/:0
