[    5892ms] [ERROR] Refused to get unsafe header "X-Sg-Cs" @ https://www.google.com/search?q=cloud+ai&oq=clo&gs_lcrp=EgZjaHJvbWUqBwgBEAAYgAQyBggAEEUYOTIHCAEQABiABDINCAIQLhjHARjRAxiABDIHCAMQABiABDIHCAQQABiABDIHCAUQABiABDIHCAYQABiABDIHCAcQABiABDIHCAgQABiABDIHCAkQABiABNIBCDMzNjlqMGo3qAIAsAIA&sourceid=chrome&ie=UTF-8:50
[    5893ms] [ERROR] Refused to get unsafe header "X-Sorry-Redirect" @ https://www.google.com/search?q=cloud+ai&oq=clo&gs_lcrp=EgZjaHJvbWUqBwgBEAAYgAQyBggAEEUYOTIHCAEQABiABDINCAIQLhjHARjRAxiABDIHCAMQABiABDIHCAQQABiABDIHCAUQABiABDIHCAYQABiABDIHCAcQABiABDIHCAgQABiABDIHCAkQABiABNIBCDMzNjlqMGo3qAIAsAIA&sourceid=chrome&ie=UTF-8:50
[    6486ms] [ERROR] Refused to get unsafe header "X-Sg-Cs" @ https://www.google.com/search?q=cloud+ai&oq=clo&gs_lcrp=EgZjaHJvbWUqBwgBEAAYgAQyBggAEEUYOTIHCAEQABiABDINCAIQLhjHARjRAxiABDIHCAMQABiABDIHCAQQABiABDIHCAUQABiABDIHCAYQABiABDIHCAcQABiABDIHCAgQABiABDIHCAkQABiABNIBCDMzNjlqMGo3qAIAsAIA&sourceid=chrome&ie=UTF-8:50
[    6486ms] [ERROR] Refused to get unsafe header "X-Sorry-Redirect" @ https://www.google.com/search?q=cloud+ai&oq=clo&gs_lcrp=EgZjaHJvbWUqBwgBEAAYgAQyBggAEEUYOTIHCAEQABiABDINCAIQLhjHARjRAxiABDIHCAMQABiABDIHCAQQABiABDIHCAUQABiABDIHCAYQABiABDIHCAcQABiABDIHCAgQABiABDIHCAkQABiABNIBCDMzNjlqMGo3qAIAsAIA&sourceid=chrome&ie=UTF-8:50
[    6633ms] [WARNING] Failed to execute 'postMessage' on 'DOMWindow': The target origin provided ('https://www.youtube.com') does not match the recipient window's origin ('https://www.google.com'). @ https://www.youtube.com/s/player/445213fb/www-widgetapi.vflset/www-widgetapi.js:209
[    6672ms] [ERROR] Refused to get unsafe header "X-Sg-Cs" @ https://www.google.com/search?q=cloud+ai&oq=clo&gs_lcrp=EgZjaHJvbWUqBwgBEAAYgAQyBggAEEUYOTIHCAEQABiABDINCAIQLhjHARjRAxiABDIHCAMQABiABDIHCAQQABiABDIHCAUQABiABDIHCAYQABiABDIHCAcQABiABDIHCAgQABiABDIHCAkQABiABNIBCDMzNjlqMGo3qAIAsAIA&sourceid=chrome&ie=UTF-8:50
[    6672ms] [ERROR] Refused to get unsafe header "X-Sorry-Redirect" @ https://www.google.com/search?q=cloud+ai&oq=clo&gs_lcrp=EgZjaHJvbWUqBwgBEAAYgAQyBggAEEUYOTIHCAEQABiABDINCAIQLhjHARjRAxiABDIHCAMQABiABDIHCAQQABiABDIHCAUQABiABDIHCAYQABiABDIHCAcQABiABDIHCAgQABiABDIHCAkQABiABNIBCDMzNjlqMGo3qAIAsAIA&sourceid=chrome&ie=UTF-8:50
[    7000ms] [WARNING] Failed to execute 'postMessage' on 'DOMWindow': The target origin provided ('https://www.youtube.com') does not match the recipient window's origin ('https://www.google.com'). @ https://www.youtube.com/s/player/445213fb/www-widgetapi.vflset/www-widgetapi.js:209
[   23959ms] [ERROR] TypeError: Cannot read properties of null (reading 'sendMessage')
    at kt.sendMessage (https://www.gstatic.com/og/_/js/k=og.asy.en_US.ML2RFDs0yiY.2019.O/rt=j/m=_ac,_awd,ada,lldp,qads/exm=/d=1/ed=1/rs=AA2YrTtBjAnB5pTjlHBqXR4u3GDnT6bXtA:460:482)
    at kt.Rd (https://www.gstatic.com/og/_/js/k=og.asy.en_US.ML2RFDs0yiY.2019.O/rt=j/m=_ac,_awd,ada,lldp,qads/exm=/d=1/ed=1/rs=AA2YrTtBjAnB5pTjlHBqXR4u3GDnT6bXtA:471:17)
    at X.C (https://www.gstatic.com/og/_/js/k=og.asy.en_US.ML2RFDs0yiY.2019.O/rt=j/m=_ac,_awd,ada,lldp,qads/exm=/d=1/ed=1/rs=AA2YrTtBjAnB5pTjlHBqXR4u3GDnT6bXtA:531:320)
    at YMd (https://www.google.com/xjs/_/js/k=xjs.s.bn.7Fc3V_NeshA.2019.O/ck=xjs.s.dcfki3dCIJg.L.B1.O/am=AAAQAAAAIAgAAAAAAAAAAACAAABEAAAAAAAAAAAAAAAAAAAAAAKAAAAABAAAAAAAAAAAAAQAAAAAQAAAAAAASggAAAEAAEEABAAAoAgAQAAAKAAAAAAIAAAAAAAAACjUBxAAwAAAAAAAAA8ABgAhAAAAAAAAAAAAAAECBCAACQAAAAAAAAAgAAAAAAACAAAAIAAAAADAAAADAEAASQAAAECFAgAACAAACAAAAAAAAAAAABEkBAAAACQgAQAA_M18AzwAAAAAOAAAAAAAAAQAAAAAAAAAQAAAAAAGEmkAAAAAAAAAhAELAADACAYACASAgAAIAAAAAAAAAIEESAAABAwAEAAAAAEAAAAAAAAAEABAEAoBABAAFICAAACAAMABIAAAAAAAAAAEBAAAAAAAAgAABAAgEIAQQAAAAAAAIAAAAFAAAgAAAHIAAAAAAAAAIJAAQAACAIwgAwCQKAiACABBAAAGAAAgAgAAAAAoACHhBwACIAAAAAAAwAkAAAAAICAAAAAACABgCQQCAAwAAAAAcgA8HoBDBAUAAAAAAAAAAAAAAAAAAAAAAAAAIAAKYBxIfkEABAAAAAAAAAAAAAAAAAAAAAAAAAAAAABShOcAAAAAAAC2BgAE/d=0/dg=0/br=1/ujg=1/rs=ACT90oHk6ZLyftT8FQA6amY-5L2NZKv2LA/cb=loaded_h_0/m=sy1r7,sy1r4,sy1r5,sy1r1,sy1r2,sy1qz,HIg7cd,syzz,QVaUhf,sy1rf,sy1re,sy1rc,sy1rd,SJpD2c,eAR4Hf,sy6bn,nN2e1e,kQvlef,sy38v,WlNQGd,sy1wq,sy1xo,Tia57b,KpRAue,X8jtef,sy6bo,OXpAmf,sy5rf,sy37s,sy161,syv8,syp6,sy1vt,sy1vr,sy1vu,sy5re,nRwWne,sy4ib,sy4i7,sy4i2,sy4hy,sy4hx,sy4hv,UHgVpe,sy1wv,sy1x2,sy1x7,sy1xq,NyeqM,sy8qt,sy8p5,sy8qr,sy761,sy10e,sy10j,O63OXd,syja,aLUfP,wQlYve,sy3ns,sy2pm,sy11u,sy11v,sy11q,sy11w,sy11p,sy11x,sy11j,sy11i,sy11h,sy11k,sy11y,sy11z,sy11b,eZ9XOd,syxz,syxy,syy0,L1AAkb,sy151,sy152,YjTCDb,sy14z,sy150,q00IXe,syj5,sy14l,BYwJlf,PGyklf,sy157,sy156,sy155,sy153,sy14q,sy15a,Fh0l0,sy1mr,sy1ms,pzkXnb,sy14k,sy13f,FRLJrd,sy1mu,sy1mv,eBYPP,sy6a8,HYSCof,sy6bz,sHZ92c,VEbNoe,sy9ry,sy74a,sy1wx,KSk4yc,sy63f,IlbVv?cb=121509378&xjs=s3:43:154)
    at https://www.google.com/xjs/_/js/k=xjs.s.bn.7Fc3V_NeshA.2019.O/ck=xjs.s.dcfki3dCIJg.L.B1.O/am=AAAQAAAAIAgAAAAAAAAAAACAAABEAAAAAAAAAAAAAAAAAAAAAAKAAAAABAAAAAAAAAAAAAQAAAAAQAAAAAAASggAAAEAAEEABAAAoAgAQAAAKAAAAAAIAAAAAAAAACjUBxAAwAAAAAAAAA8ABgAhAAAAAAAAAAAAAAECBCAACQAAAAAAAAAgAAAAAAACAAAAIAAAAADAAAADAEAASQAAAECFAgAACAAACAAAAAAAAAAAABEkBAAAACQgAQAA_M18AzwAAAAAOAAAAAAAAAQAAAAAAAAAQAAAAAAGEmkAAAAAAAAAhAELAADACAYACASAgAAIAAAAAAAAAIEESAAABAwAEAAAAAEAAAAAAAAAEABAEAoBABAAFICAAACAAMABIAAAAAAAAAAEBAAAAAAAAgAABAAgEIAQQAAAAAAAIAAAAFAAAgAAAHIAAAAAAAAAIJAAQAACAIwgAwCQKAiACABBAAAGAAAgAgAAAAAoACHhBwACIAAAAAAAwAkAAAAAICAAAAAACABgCQQCAAwAAAAAcgA8HoBDBAUAAAAAAAAAAAAAAAAAAAAAAAAAIAAKYBxIfkEABAAAAAAAAAAAAAAAAAAAAAAAAAAAAABShOcAAAAAAAC2BgAE/d=0/dg=0/br=1/ujg=1/rs=ACT90oHk6ZLyftT8FQA6amY-5L2NZKv2LA/cb=loaded_h_0/m=sy1r7,sy1r4,sy1r5,sy1r1,sy1r2,sy1qz,HIg7cd,syzz,QVaUhf,sy1rf,sy1re,sy1rc,sy1rd,SJpD2c,eAR4Hf,sy6bn,nN2e1e,kQvlef,sy38v,WlNQGd,sy1wq,sy1xo,Tia57b,KpRAue,X8jtef,sy6bo,OXpAmf,sy5rf,sy37s,sy161,syv8,syp6,sy1vt,sy1vr,sy1vu,sy5re,nRwWne,sy4ib,sy4i7,sy4i2,sy4hy,sy4hx,sy4hv,UHgVpe,sy1wv,sy1x2,sy1x7,sy1xq,NyeqM,sy8qt,sy8p5,sy8qr,sy761,sy10e,sy10j,O63OXd,syja,aLUfP,wQlYve,sy3ns,sy2pm,sy11u,sy11v,sy11q,sy11w,sy11p,sy11x,sy11j,sy11i,sy11h,sy11k,sy11y,sy11z,sy11b,eZ9XOd,syxz,syxy,syy0,L1AAkb,sy151,sy152,YjTCDb,sy14z,sy150,q00IXe,syj5,sy14l,BYwJlf,PGyklf,sy157,sy156,sy155,sy153,sy14q,sy15a,Fh0l0,sy1mr,sy1ms,pzkXnb,sy14k,sy13f,FRLJrd,sy1mu,sy1mv,eBYPP,sy6a8,HYSCof,sy6bz,sHZ92c,VEbNoe,sy9ry,sy74a,sy1wx,KSk4yc,sy63f,IlbVv?cb=121509378&xjs=s3:44:30
    at https://www.google.com/xjs/_/js/k=xjs.s.bn.7Fc3V_NeshA.2019.O/ck=xjs.s.dcfki3dCIJg.L.B1.O/am=AAAQAAAAIAgAAAAAAAAAAACAAABEAAAAAAAAAAAAAAAAAAAAAAKAAAAABAAAAAAAAAAAAAQAAAAAQAAAAAAASggAAAEAAEEABAAAoAgAQAAAKAAAAAAIAAAAAAAAACjUBxAAwAAAAAAAAA8ABgAhAAAAAAAAAAAAAAECBCAACQAAAAAAAAAgAAAAAAACAAAAIAAAAADAAAADAEAASQAAAECFAgAACAAACAAAAAAAAAAAABEkBAAAACQgAQAA_M18AzwAAAAAOAAAAAAAAAQAAAAAAAAAQAAAAAAGEmkAAAAAAAAAhAELAADACAYACASAgAAIAAAAAAAAAIEESAAABAwAEAAAAAEAAAAAAAAAEABAEAoBABAAFICAAACAAMABIAAAAAAAAAAEBAAAAAAAAgAABAAgEIAQQAAAAAAAIAAAAFAAAgAAAHIAAAAAAAAAIJAAQAACAIwgAwCQKAiACABBAAAGAAAgAgAAAAAoACHhBwACIAAAAAAAwAkAAAAAICAAAAAACABgCQQCAAwAAAAAcgA8HoBDBAUAAAAAAAAAAAAAAAAAAAAAAAAAIAAKYBxIfkEABAAAAAAAAAAAAAAAAAAAAAAAAAAAAABShOcAAAAAAAC2BgAE/d=0/dg=0/br=1/ujg=1/rs=ACT90oHk6ZLyftT8FQA6amY-5L2NZKv2LA/cb=loaded_h_0/m=sy1r7,sy1r4,sy1r5,sy1r1,sy1r2,sy1qz,HIg7cd,syzz,QVaUhf,sy1rf,sy1re,sy1rc,sy1rd,SJpD2c,eAR4Hf,sy6bn,nN2e1e,kQvlef,sy38v,WlNQGd,sy1wq,sy1xo,Tia57b,KpRAue,X8jtef,sy6bo,OXpAmf,sy5rf,sy37s,sy161,syv8,syp6,sy1vt,sy1vr,sy1vu,sy5re,nRwWne,sy4ib,sy4i7,sy4i2,sy4hy,sy4hx,sy4hv,UHgVpe,sy1wv,sy1x2,sy1x7,sy1xq,NyeqM,sy8qt,sy8p5,sy8qr,sy761,sy10e,sy10j,O63OXd,syja,aLUfP,wQlYve,sy3ns,sy2pm,sy11u,sy11v,sy11q,sy11w,sy11p,sy11x,sy11j,sy11i,sy11h,sy11k,sy11y,sy11z,sy11b,eZ9XOd,syxz,syxy,syy0,L1AAkb,sy151,sy152,YjTCDb,sy14z,sy150,q00IXe,syj5,sy14l,BYwJlf,PGyklf,sy157,sy156,sy155,sy153,sy14q,sy15a,Fh0l0,sy1mr,sy1ms,pzkXnb,sy14k,sy13f,FRLJrd,sy1mu,sy1mv,eBYPP,sy6a8,HYSCof,sy6bz,sHZ92c,VEbNoe,sy9ry,sy74a,sy1wx,KSk4yc,sy63f,IlbVv?cb=121509378&xjs=s3:3:932
    at _.Nh.v (https://www.gstatic.com/og/_/js/k=og.asy.en_US.ML2RFDs0yiY.2019.O/rt=j/m=_ac,_awd,ada,lldp,qads/exm=/d=1/ed=1/rs=AA2YrTtBjAnB5pTjlHBqXR4u3GDnT6bXtA:128:285)
    at Array.forEach (<anonymous>)
    at _.Vd (https://www.gstatic.com/og/_/js/k=og.asy.en_US.ML2RFDs0yiY.2019.O/rt=j/m=_ac,_awd,ada,lldp,qads/exm=/d=1/ed=1/rs=AA2YrTtBjAnB5pTjlHBqXR4u3GDnT6bXtA:69:881)
    at Ph (https://www.gstatic.com/og/_/js/k=og.asy.en_US.ML2RFDs0yiY.2019.O/rt=j/m=_ac,_awd,ada,lldp,qads/exm=/d=1/ed=1/rs=AA2YrTtBjAnB5pTjlHBqXR4u3GDnT6bXtA:127:680) @ https://www.gstatic.com/og/_/js/k=og.asy.en_US.ML2RFDs0yiY.2019.O/rt=j/m=_ac,_awd,ada,lldp,qads/exm=/d=1/ed=1/rs=AA2YrTtBjAnB5pTjlHBqXR4u3GDnT6bXtA:126
[   24043ms] [ERROR] Refused to get unsafe header "X-Sg-Cs" @ https://www.google.com/search?q=cloudflare+sevice+worker&oq=cloudflare+sevice+worker&gs_lcrp=EgZjaHJvbWUyBggAEEUYOTILCAEQABgNGBMYgAQyCggCEAAYExgWGB4yCggDEAAYExgWGB4yDAgEEAAYCBgNGBMYHjIMCAUQABgIGA0YExgeMgoIBhAAGIAEGKIEMgoIBxAAGIAEGKIEMgoICBAAGIAEGKIEMgcICRAAGO8F0gEIOTA1NGowajmoAgawAgHxBdV9zuqHnKWm&sourceid=chrome&ie=UTF-8:43
[   24043ms] [ERROR] Refused to get unsafe header "X-Sorry-Redirect" @ https://www.google.com/search?q=cloudflare+sevice+worker&oq=cloudflare+sevice+worker&gs_lcrp=EgZjaHJvbWUyBggAEEUYOTILCAEQABgNGBMYgAQyCggCEAAYExgWGB4yCggDEAAYExgWGB4yDAgEEAAYCBgNGBMYHjIMCAUQABgIGA0YExgeMgoIBhAAGIAEGKIEMgoIBxAAGIAEGKIEMgoICBAAGIAEGKIEMgcICRAAGO8F0gEIOTA1NGowajmoAgawAgHxBdV9zuqHnKWm&sourceid=chrome&ie=UTF-8:43
[   24120ms] [ERROR] Refused to get unsafe header "X-Sg-Cs" @ https://www.google.com/search?q=cloudflare+sevice+worker&oq=cloudflare+sevice+worker&gs_lcrp=EgZjaHJvbWUyBggAEEUYOTILCAEQABgNGBMYgAQyCggCEAAYExgWGB4yCggDEAAYExgWGB4yDAgEEAAYCBgNGBMYHjIMCAUQABgIGA0YExgeMgoIBhAAGIAEGKIEMgoIBxAAGIAEGKIEMgoICBAAGIAEGKIEMgcICRAAGO8F0gEIOTA1NGowajmoAgawAgHxBdV9zuqHnKWm&sourceid=chrome&ie=UTF-8:43
[   24120ms] [ERROR] Refused to get unsafe header "X-Sorry-Redirect" @ https://www.google.com/search?q=cloudflare+sevice+worker&oq=cloudflare+sevice+worker&gs_lcrp=EgZjaHJvbWUyBggAEEUYOTILCAEQABgNGBMYgAQyCggCEAAYExgWGB4yCggDEAAYExgWGB4yDAgEEAAYCBgNGBMYHjIMCAUQABgIGA0YExgeMgoIBhAAGIAEGKIEMgoIBxAAGIAEGKIEMgoICBAAGIAEGKIEMgcICRAAGO8F0gEIOTA1NGowajmoAgawAgHxBdV9zuqHnKWm&sourceid=chrome&ie=UTF-8:43
[   25074ms] [ERROR] Refused to get unsafe header "X-Sg-Cs" @ https://www.google.com/search?q=cloudflare+sevice+worker&oq=cloudflare+sevice+worker&gs_lcrp=EgZjaHJvbWUyBggAEEUYOTILCAEQABgNGBMYgAQyCggCEAAYExgWGB4yCggDEAAYExgWGB4yDAgEEAAYCBgNGBMYHjIMCAUQABgIGA0YExgeMgoIBhAAGIAEGKIEMgoIBxAAGIAEGKIEMgoICBAAGIAEGKIEMgcICRAAGO8F0gEIOTA1NGowajmoAgawAgHxBdV9zuqHnKWm&sourceid=chrome&ie=UTF-8:43
[   25074ms] [ERROR] Refused to get unsafe header "X-Sorry-Redirect" @ https://www.google.com/search?q=cloudflare+sevice+worker&oq=cloudflare+sevice+worker&gs_lcrp=EgZjaHJvbWUyBggAEEUYOTILCAEQABgNGBMYgAQyCggCEAAYExgWGB4yCggDEAAYExgWGB4yDAgEEAAYCBgNGBMYHjIMCAUQABgIGA0YExgeMgoIBhAAGIAEGKIEMgoIBxAAGIAEGKIEMgoICBAAGIAEGKIEMgcICRAAGO8F0gEIOTA1NGowajmoAgawAgHxBdV9zuqHnKWm&sourceid=chrome&ie=UTF-8:43
[   31487ms] [LOG] [ Federation Runtime ] Version 18.2.0 from dashboard of shared singleton module react does not satisfy the requirement of dashboard which needs catalog:react18) @ https://dash.cloudflare.com/runtime.5b0ee0ce767410fd.js:3
[   31488ms] [LOG] [ Federation Runtime ] Version 11.7.0 from dashboard of shared singleton module react-fela does not satisfy the requirement of dashboard which needs 11.6.1) @ https://dash.cloudflare.com/runtime.5b0ee0ce767410fd.js:3
[   31490ms] [LOG] [ Federation Runtime ] Version 18.2.0 from dashboard of shared singleton module react-dom does not satisfy the requirement of dashboard which needs catalog:react18) @ https://dash.cloudflare.com/runtime.5b0ee0ce767410fd.js:3
[   31490ms] [LOG] [ Federation Runtime ] Version 1.12.9 from dashboard of shared singleton module @cloudflare/intl-react does not satisfy the requirement of dashboard which needs workspace:^) @ https://dash.cloudflare.com/runtime.5b0ee0ce767410fd.js:3
[   31491ms] [LOG] [ Federation Runtime ] Version 1.12.9 from dashboard of shared singleton module @cloudflare/intl-react does not satisfy the requirement of dashboard which needs workspace:^) @ https://dash.cloudflare.com/runtime.5b0ee0ce767410fd.js:3
[   31491ms] [LOG] [ Federation Runtime ] Version 1.12.9 from dashboard of shared singleton module @cloudflare/intl-react does not satisfy the requirement of dashboard which needs workspace:^) @ https://dash.cloudflare.com/runtime.5b0ee0ce767410fd.js:3
[   31492ms] [LOG] [ Federation Runtime ] Version 1.12.9 from dashboard of shared singleton module @cloudflare/intl-react does not satisfy the requirement of dashboard which needs workspace:^) @ https://dash.cloudflare.com/runtime.5b0ee0ce767410fd.js:3
[   31494ms] [LOG] [ Federation Runtime ] Version 1.12.9 from dashboard of shared singleton module @cloudflare/intl-react does not satisfy the requirement of dashboard which needs workspace:^) @ https://dash.cloudflare.com/runtime.5b0ee0ce767410fd.js:3
[   31577ms] [LOG] [ Federation Runtime ] Version 18.2.0 from dashboard of shared singleton module react does not satisfy the requirement of dashboard which needs catalog:react18) @ https://dash.cloudflare.com/runtime.5b0ee0ce767410fd.js:3
[   31577ms] [LOG] [ Federation Runtime ] Version 18.2.0 from dashboard of shared singleton module react-dom does not satisfy the requirement of dashboard which needs catalog:react18) @ https://dash.cloudflare.com/runtime.5b0ee0ce767410fd.js:3
[   31917ms] [LOG] [ Federation Runtime ] Version 11.7.0 from dashboard of shared singleton module react-fela does not satisfy the requirement of dashboard which needs 11.6.1) @ https://dash.cloudflare.com/runtime.5b0ee0ce767410fd.js:3
[   31999ms] [LOG] [ Federation Runtime ] Version 1.12.9 from dashboard of shared singleton module @cloudflare/intl-react does not satisfy the requirement of dashboard which needs workspace:^) @ https://dash.cloudflare.com/runtime.5b0ee0ce767410fd.js:3
[   33192ms] [LOG] [ Federation Runtime ] Version 1.12.9 from dashboard of shared singleton module @cloudflare/intl-react does not satisfy the requirement of dashboard which needs workspace:^) @ https://dash.cloudflare.com/cf-f68ab35ed57b47aa.js:2
[   33193ms] [LOG] [ Federation Runtime ] Version 1.12.9 from dashboard of shared singleton module @cloudflare/intl-react does not satisfy the requirement of dashboard which needs workspace:^) @ https://dash.cloudflare.com/cf-f68ab35ed57b47aa.js:2
[   33194ms] [LOG] [ Federation Runtime ] Version 1.12.9 from dashboard of shared singleton module @cloudflare/intl-react does not satisfy the requirement of dashboard which needs workspace:^) @ https://dash.cloudflare.com/cf-f68ab35ed57b47aa.js:2
[   33194ms] [LOG] [ Federation Runtime ] Version 1.12.9 from dashboard of shared singleton module @cloudflare/intl-react does not satisfy the requirement of dashboard which needs workspace:^) @ https://dash.cloudflare.com/cf-f68ab35ed57b47aa.js:2
[   33195ms] [LOG] [ Federation Runtime ] Version 1.12.9 from dashboard of shared singleton module @cloudflare/intl-react does not satisfy the requirement of dashboard which needs workspace:^) @ https://dash.cloudflare.com/cf-f68ab35ed57b47aa.js:2
[   33195ms] [LOG] [ Federation Runtime ] Version 1.12.9 from dashboard of shared singleton module @cloudflare/intl-react does not satisfy the requirement of dashboard which needs workspace:^) @ https://dash.cloudflare.com/cf-f68ab35ed57b47aa.js:2
[   33195ms] [LOG] [ Federation Runtime ] Version 1.12.9 from dashboard of shared singleton module @cloudflare/intl-react does not satisfy the requirement of dashboard which needs workspace:^) @ https://dash.cloudflare.com/cf-f68ab35ed57b47aa.js:2
[   33195ms] [LOG] [ Federation Runtime ] Version 1.12.9 from dashboard of shared singleton module @cloudflare/intl-react does not satisfy the requirement of dashboard which needs workspace:^) @ https://dash.cloudflare.com/cf-f68ab35ed57b47aa.js:2
[   33195ms] [LOG] [ Federation Runtime ] Version 1.12.9 from dashboard of shared singleton module @cloudflare/intl-react does not satisfy the requirement of dashboard which needs workspace:^) @ https://dash.cloudflare.com/cf-f68ab35ed57b47aa.js:2
[   33195ms] [LOG] [ Federation Runtime ] Version 1.12.9 from dashboard of shared singleton module @cloudflare/intl-react does not satisfy the requirement of dashboard which needs workspace:^) @ https://dash.cloudflare.com/cf-f68ab35ed57b47aa.js:2
[   33195ms] [LOG] [ Federation Runtime ] Version 1.12.9 from dashboard of shared singleton module @cloudflare/intl-react does not satisfy the requirement of dashboard which needs workspace:^) @ https://dash.cloudflare.com/cf-f68ab35ed57b47aa.js:2
[   33196ms] [LOG] [ Federation Runtime ] Version 1.12.9 from dashboard of shared singleton module @cloudflare/intl-react does not satisfy the requirement of dashboard which needs workspace:^) @ https://dash.cloudflare.com/cf-f68ab35ed57b47aa.js:2
[   33196ms] [LOG] [ Federation Runtime ] Version 1.12.9 from dashboard of shared singleton module @cloudflare/intl-react does not satisfy the requirement of dashboard which needs workspace:^) @ https://dash.cloudflare.com/cf-f68ab35ed57b47aa.js:2
[   33196ms] [LOG] [ Federation Runtime ] Version 1.12.9 from dashboard of shared singleton module @cloudflare/intl-react does not satisfy the requirement of dashboard which needs workspace:^) @ https://dash.cloudflare.com/cf-f68ab35ed57b47aa.js:2
[   33196ms] [LOG] [ Federation Runtime ] Version 1.12.9 from dashboard of shared singleton module @cloudflare/intl-react does not satisfy the requirement of dashboard which needs workspace:^) @ https://dash.cloudflare.com/cf-f68ab35ed57b47aa.js:2
[   33196ms] [LOG] [ Federation Runtime ] Version 1.12.9 from dashboard of shared singleton module @cloudflare/intl-react does not satisfy the requirement of dashboard which needs workspace:^) @ https://dash.cloudflare.com/cf-f68ab35ed57b47aa.js:2
[   33196ms] [LOG] [ Federation Runtime ] Version 1.12.9 from dashboard of shared singleton module @cloudflare/intl-react does not satisfy the requirement of dashboard which needs workspace:^) @ https://dash.cloudflare.com/cf-f68ab35ed57b47aa.js:2
[   33784ms] [ERROR] Failed to load resource: the server responded with a status of 403 (Forbidden) @ https://dash.cloudflare.com/api/v4/organizations?per_page=100:0
[   36570ms] [VERBOSE] [DOM] Password field is not contained in a form: (More info: https://goo.gl/9p2vKq) %o @ https://accounts.google.com/v3/signin/identifier?opparams=%253F&dsh=S1748661378%3A1781449334520036&client_id=1034003232994-78jdt2bv843b5dnud06q2cogp3musu6m.apps.googleusercontent.com&o2v=2&prompt=select_account&redirect_uri=https%3A%2F%2Foidc.iam.cfapi.net%2Fapi%2Fv1%2Fsso%2Fcallback&response_type=code&scope=openid+profile+email&service=lso&state=com.cloudflare.iam.sso.google.state%3A16c2fa63-f65e-4fdd-bc2e-2556d68d5a61&flowName=GeneralOAuthFlow&continue=https%3A%2F%2Faccounts.google.com%2Fsignin%2Foauth%2Fconsent%3Fauthuser%3Dunknown%26part%3DAJi8hAOkhbaFQ_tcsq9dOmFkFt9z_NtU9sX5-ksNU-JfsemY6E2yH7MHUcP_jV8XpJWaz3O_oWk9Nvc8ZUqtIMushKurPWI9LfFNC2VPm7Oo8Vly5nx4FP_PWC2hUaEltZd-lU9rfatsXtpUUJvCABRNb-VSq3StB8V2rNwN5LF-CvLNVGswdQErB7MToWaea9aokOvyNvPGGC7gbyx5jh9fpsYfsxnRzxt-xMPTuZq53CcLfjlC6JnCeIzjXQP005IZBd0rZ788OYCIuDOjKduTBZjLhgUiKcUtUWjd_oyYtDmfhIbQn-TRUJesDw22bkHMDilLdCDL66LLeFDvsCnNfk_-XgcBpHo9YC-Ca8wP-g8pQlOTMeexPUNNttDRuyHTATJo-HbyI_4eYk67_5nRIKhnK4defBxHcS--W_qWdHAOLGsOdcPlyFZ-MXYvUxOMnsHP5jpui3JtPvGhu2DUUjNrqbs_gQ%26flowName%3DGeneralOAuthFlow%26as%3DS1748661378%253A1781449334520036%26client_id%3D1034003232994-78jdt2bv843b5dnud06q2cogp3musu6m.apps.googleusercontent.com%26requestPath%3D%252Fsignin%252Foauth%252Fconsent%23&app_domain=https%3A%2F%2Foidc.iam.cfapi.net&rart=ANgoxccHx1KfHuPBAWKmF4mD_OqQDFD0EsxPLPVmtFOEFAHs8_HlPeA85xoLWhJbMees2OfMKTtH8Xph3gqs-qN7tylhjgGTtB2poe-8zTxb0m4QDpAVMXA:0
[   36580ms] [LOG] %c%s color: red; background: yellow; font-size: 24px; WARNING! @ https://www.gstatic.com/_/mss/boq-identity/_/js/k=boq-identity.AccountsSignInUi.en_US.rdtyFh-827A.es5.O/am=EQ0AAAAMFP8IGQD8__83AAABBNkO-J4F0AQIGQAAAAAAAAAAsAQAAI0/d=1/excm=_b,_tp,identifierview/ed=1/dg=0/wt=2/ujg=1/rs=AOaEmlGFxaCjKyf12TYt7ws9q6fmWqcphg/dti=1/m=_b,_tp:548
[   36580ms] [LOG] %c%s font-size: 18px; Using this console may allow attackers to impersonate you and steal your information using an attack called Self-XSS.
Do not enter or paste code that you do not understand. @ https://www.gstatic.com/_/mss/boq-identity/_/js/k=boq-identity.AccountsSignInUi.en_US.rdtyFh-827A.es5.O/am=EQ0AAAAMFP8IGQD8__83AAABBNkO-J4F0AQIGQAAAAAAAAAAsAQAAI0/d=1/excm=_b,_tp,identifierview/ed=1/dg=0/wt=2/ujg=1/rs=AOaEmlGFxaCjKyf12TYt7ws9q6fmWqcphg/dti=1/m=_b,_tp:548
[   38646ms] [LOG] [ Federation Runtime ] Version 18.2.0 from dashboard of shared singleton module react does not satisfy the requirement of dashboard which needs catalog:react18) @ https://dash.cloudflare.com/runtime.5b0ee0ce767410fd.js:3
[   38647ms] [LOG] [ Federation Runtime ] Version 11.7.0 from dashboard of shared singleton module react-fela does not satisfy the requirement of dashboard which needs 11.6.1) @ https://dash.cloudflare.com/runtime.5b0ee0ce767410fd.js:3
[   38650ms] [LOG] [ Federation Runtime ] Version 18.2.0 from dashboard of shared singleton module react-dom does not satisfy the requirement of dashboard which needs catalog:react18) @ https://dash.cloudflare.com/runtime.5b0ee0ce767410fd.js:3
[   38650ms] [LOG] [ Federation Runtime ] Version 1.12.9 from dashboard of shared singleton module @cloudflare/intl-react does not satisfy the requirement of dashboard which needs workspace:^) @ https://dash.cloudflare.com/runtime.5b0ee0ce767410fd.js:3
[   38651ms] [LOG] [ Federation Runtime ] Version 1.12.9 from dashboard of shared singleton module @cloudflare/intl-react does not satisfy the requirement of dashboard which needs workspace:^) @ https://dash.cloudflare.com/runtime.5b0ee0ce767410fd.js:3
[   38651ms] [LOG] [ Federation Runtime ] Version 1.12.9 from dashboard of shared singleton module @cloudflare/intl-react does not satisfy the requirement of dashboard which needs workspace:^) @ https://dash.cloudflare.com/runtime.5b0ee0ce767410fd.js:3
[   38652ms] [LOG] [ Federation Runtime ] Version 1.12.9 from dashboard of shared singleton module @cloudflare/intl-react does not satisfy the requirement of dashboard which needs workspace:^) @ https://dash.cloudflare.com/runtime.5b0ee0ce767410fd.js:3
[   38654ms] [LOG] [ Federation Runtime ] Version 1.12.9 from dashboard of shared singleton module @cloudflare/intl-react does not satisfy the requirement of dashboard which needs workspace:^) @ https://dash.cloudflare.com/runtime.5b0ee0ce767410fd.js:3
[   38685ms] [LOG] [ Federation Runtime ] Version 18.2.0 from dashboard of shared singleton module react does not satisfy the requirement of dashboard which needs catalog:react18) @ https://dash.cloudflare.com/runtime.5b0ee0ce767410fd.js:3
[   38686ms] [LOG] [ Federation Runtime ] Version 18.2.0 from dashboard of shared singleton module react-dom does not satisfy the requirement of dashboard which needs catalog:react18) @ https://dash.cloudflare.com/runtime.5b0ee0ce767410fd.js:3
[   38754ms] [LOG] [ Federation Runtime ] Version 11.7.0 from dashboard of shared singleton module react-fela does not satisfy the requirement of dashboard which needs 11.6.1) @ https://dash.cloudflare.com/runtime.5b0ee0ce767410fd.js:3
[   38754ms] [LOG] [ Federation Runtime ] Version 1.12.9 from dashboard of shared singleton module @cloudflare/intl-react does not satisfy the requirement of dashboard which needs workspace:^) @ https://dash.cloudflare.com/runtime.5b0ee0ce767410fd.js:3
[   39643ms] [LOG] [ Federation Runtime ] Version 1.12.9 from dashboard of shared singleton module @cloudflare/intl-react does not satisfy the requirement of dashboard which needs workspace:^) @ https://dash.cloudflare.com/cf-f68ab35ed57b47aa.js:2
[   39645ms] [LOG] [ Federation Runtime ] Version 1.12.9 from dashboard of shared singleton module @cloudflare/intl-react does not satisfy the requirement of dashboard which needs workspace:^) @ https://dash.cloudflare.com/cf-f68ab35ed57b47aa.js:2
[   39646ms] [LOG] [ Federation Runtime ] Version 1.12.9 from dashboard of shared singleton module @cloudflare/intl-react does not satisfy the requirement of dashboard which needs workspace:^) @ https://dash.cloudflare.com/cf-f68ab35ed57b47aa.js:2
[   39647ms] [LOG] [ Federation Runtime ] Version 1.12.9 from dashboard of shared singleton module @cloudflare/intl-react does not satisfy the requirement of dashboard which needs workspace:^) @ https://dash.cloudflare.com/cf-f68ab35ed57b47aa.js:2
[   39647ms] [LOG] [ Federation Runtime ] Version 1.12.9 from dashboard of shared singleton module @cloudflare/intl-react does not satisfy the requirement of dashboard which needs workspace:^) @ https://dash.cloudflare.com/cf-f68ab35ed57b47aa.js:2
[   39647ms] [LOG] [ Federation Runtime ] Version 1.12.9 from dashboard of shared singleton module @cloudflare/intl-react does not satisfy the requirement of dashboard which needs workspace:^) @ https://dash.cloudflare.com/cf-f68ab35ed57b47aa.js:2
[   39647ms] [LOG] [ Federation Runtime ] Version 1.12.9 from dashboard of shared singleton module @cloudflare/intl-react does not satisfy the requirement of dashboard which needs workspace:^) @ https://dash.cloudflare.com/cf-f68ab35ed57b47aa.js:2
[   39647ms] [LOG] [ Federation Runtime ] Version 1.12.9 from dashboard of shared singleton module @cloudflare/intl-react does not satisfy the requirement of dashboard which needs workspace:^) @ https://dash.cloudflare.com/cf-f68ab35ed57b47aa.js:2
[   39648ms] [LOG] [ Federation Runtime ] Version 1.12.9 from dashboard of shared singleton module @cloudflare/intl-react does not satisfy the requirement of dashboard which needs workspace:^) @ https://dash.cloudflare.com/cf-f68ab35ed57b47aa.js:2
[   39648ms] [LOG] [ Federation Runtime ] Version 1.12.9 from dashboard of shared singleton module @cloudflare/intl-react does not satisfy the requirement of dashboard which needs workspace:^) @ https://dash.cloudflare.com/cf-f68ab35ed57b47aa.js:2
[   39648ms] [LOG] [ Federation Runtime ] Version 1.12.9 from dashboard of shared singleton module @cloudflare/intl-react does not satisfy the requirement of dashboard which needs workspace:^) @ https://dash.cloudflare.com/cf-f68ab35ed57b47aa.js:2
[   39648ms] [LOG] [ Federation Runtime ] Version 1.12.9 from dashboard of shared singleton module @cloudflare/intl-react does not satisfy the requirement of dashboard which needs workspace:^) @ https://dash.cloudflare.com/cf-f68ab35ed57b47aa.js:2
[   39648ms] [LOG] [ Federation Runtime ] Version 1.12.9 from dashboard of shared singleton module @cloudflare/intl-react does not satisfy the requirement of dashboard which needs workspace:^) @ https://dash.cloudflare.com/cf-f68ab35ed57b47aa.js:2
[   39648ms] [LOG] [ Federation Runtime ] Version 1.12.9 from dashboard of shared singleton module @cloudflare/intl-react does not satisfy the requirement of dashboard which needs workspace:^) @ https://dash.cloudflare.com/cf-f68ab35ed57b47aa.js:2
[   39648ms] [LOG] [ Federation Runtime ] Version 1.12.9 from dashboard of shared singleton module @cloudflare/intl-react does not satisfy the requirement of dashboard which needs workspace:^) @ https://dash.cloudflare.com/cf-f68ab35ed57b47aa.js:2
[   39649ms] [LOG] [ Federation Runtime ] Version 1.12.9 from dashboard of shared singleton module @cloudflare/intl-react does not satisfy the requirement of dashboard which needs workspace:^) @ https://dash.cloudflare.com/cf-f68ab35ed57b47aa.js:2
[   39649ms] [LOG] [ Federation Runtime ] Version 1.12.9 from dashboard of shared singleton module @cloudflare/intl-react does not satisfy the requirement of dashboard which needs workspace:^) @ https://dash.cloudflare.com/cf-f68ab35ed57b47aa.js:2
[   40403ms] [ERROR] Failed to load resource: the server responded with a status of 403 (Forbidden) @ https://dash.cloudflare.com/api/v4/organizations?per_page=100:0
[   42041ms] [VERBOSE] [DOM] Password field is not contained in a form: (More info: https://goo.gl/9p2vKq) %o @ https://accounts.google.com/v3/signin/identifier?opparams=%253F&dsh=S-1019706962%3A1781449339968463&client_id=1034003232994-78jdt2bv843b5dnud06q2cogp3musu6m.apps.googleusercontent.com&o2v=2&prompt=select_account&redirect_uri=https%3A%2F%2Foidc.iam.cfapi.net%2Fapi%2Fv1%2Fsso%2Fcallback&response_type=code&scope=openid+profile+email&service=lso&state=com.cloudflare.iam.sso.google.state%3A6c8dfd8e-dbeb-4cd1-8787-279a4c8800dd&flowName=GeneralOAuthFlow&continue=https%3A%2F%2Faccounts.google.com%2Fsignin%2Foauth%2Fconsent%3Fauthuser%3Dunknown%26part%3DAJi8hAOMTJJLwTNaUWE5pNW4Ntlt4QAs9iLC77sm5BBB_45768yGHr49WHkNKF64GJVfAyAvNIFsbLnK9Eu0W6WfYBypAxGdICJDXNZQ8ZxJcWNjeGytJln5o4qLs5GAtmv5ecL9c-Uy4_lVjpbtz4iX-OSObV8Xiq9ZHE45gXqvmlUCCvCwZXYyEz3tt6VYMGJiU5fri6qqZ5EfG-py3mXpY6Fzr74-ZK6LBHgoCIYTPnkTcKuKtZ3VsUmWG_IR75YS9lu8NdC8j8WFhU_8Oafa0eYNhg4oGglt6SQH5f0uw9aTqKVdJLRxot0h-xy8xHyEbm7ZBimK1hNpIgMse2s_Dan9K_AMBO8uYGqIqNhJSJUaDEcJ8SSWRTucVDQ7dWMdHcm8x_8kEdgjxL2aBK0GEbPGMrdP68Nt7-hDF3HKXM8nzstnpV6AR9TfxjUCI43vyQrsfpmLnjS8o2TP5SwI2CACZSooDbmJbabSKKYcxz3GJt1JHWg%26flowName%3DGeneralOAuthFlow%26as%3DS-1019706962%253A1781449339968463%26client_id%3D1034003232994-78jdt2bv843b5dnud06q2cogp3musu6m.apps.googleusercontent.com%26requestPath%3D%252Fsignin%252Foauth%252Fconsent%23&app_domain=https%3A%2F%2Foidc.iam.cfapi.net&rart=ANgoxccBwqtWVurRkBGw_mlWuJJrGx3VIq3ZKR5nftO6G5OR01DZNI6YvhmELijzbITlVxrPC9Feus3CFr3z1XD__s1WM9UXGX1GyD_nsaAicsAj_KOtTXg:0
[   42050ms] [LOG] %c%s color: red; background: yellow; font-size: 24px; WARNING! @ https://www.gstatic.com/_/mss/boq-identity/_/js/k=boq-identity.AccountsSignInUi.en_US.rdtyFh-827A.es5.O/am=EQ0AAAAMFP8IGQD8__83AAABBNkO-J4F0AQIGQAAAAAAAAAAsAQAAI0/d=1/excm=_b,_tp,identifierview/ed=1/dg=0/wt=2/ujg=1/rs=AOaEmlGFxaCjKyf12TYt7ws9q6fmWqcphg/dti=1/m=_b,_tp:548
[   42050ms] [LOG] %c%s font-size: 18px; Using this console may allow attackers to impersonate you and steal your information using an attack called Self-XSS.
Do not enter or paste code that you do not understand. @ https://www.gstatic.com/_/mss/boq-identity/_/js/k=boq-identity.AccountsSignInUi.en_US.rdtyFh-827A.es5.O/am=EQ0AAAAMFP8IGQD8__83AAABBNkO-J4F0AQIGQAAAAAAAAAAsAQAAI0/d=1/excm=_b,_tp,identifierview/ed=1/dg=0/wt=2/ujg=1/rs=AOaEmlGFxaCjKyf12TYt7ws9q6fmWqcphg/dti=1/m=_b,_tp:548
[   45991ms] [LOG] [ Federation Runtime ] Version 18.2.0 from dashboard of shared singleton module react does not satisfy the requirement of dashboard which needs catalog:react18) @ https://dash.cloudflare.com/runtime.5b0ee0ce767410fd.js:3
[   45992ms] [LOG] [ Federation Runtime ] Version 11.7.0 from dashboard of shared singleton module react-fela does not satisfy the requirement of dashboard which needs 11.6.1) @ https://dash.cloudflare.com/runtime.5b0ee0ce767410fd.js:3
[   45994ms] [LOG] [ Federation Runtime ] Version 18.2.0 from dashboard of shared singleton module react-dom does not satisfy the requirement of dashboard which needs catalog:react18) @ https://dash.cloudflare.com/runtime.5b0ee0ce767410fd.js:3
[   45995ms] [LOG] [ Federation Runtime ] Version 1.12.9 from dashboard of shared singleton module @cloudflare/intl-react does not satisfy the requirement of dashboard which needs workspace:^) @ https://dash.cloudflare.com/runtime.5b0ee0ce767410fd.js:3
[   45995ms] [LOG] [ Federation Runtime ] Version 1.12.9 from dashboard of shared singleton module @cloudflare/intl-react does not satisfy the requirement of dashboard which needs workspace:^) @ https://dash.cloudflare.com/runtime.5b0ee0ce767410fd.js:3
[   45996ms] [LOG] [ Federation Runtime ] Version 1.12.9 from dashboard of shared singleton module @cloudflare/intl-react does not satisfy the requirement of dashboard which needs workspace:^) @ https://dash.cloudflare.com/runtime.5b0ee0ce767410fd.js:3
[   45997ms] [LOG] [ Federation Runtime ] Version 1.12.9 from dashboard of shared singleton module @cloudflare/intl-react does not satisfy the requirement of dashboard which needs workspace:^) @ https://dash.cloudflare.com/runtime.5b0ee0ce767410fd.js:3
[   45998ms] [LOG] [ Federation Runtime ] Version 1.12.9 from dashboard of shared singleton module @cloudflare/intl-react does not satisfy the requirement of dashboard which needs workspace:^) @ https://dash.cloudflare.com/runtime.5b0ee0ce767410fd.js:3
[   46003ms] [LOG] [ Federation Runtime ] Version 18.2.0 from dashboard of shared singleton module react does not satisfy the requirement of dashboard which needs catalog:react18) @ https://dash.cloudflare.com/runtime.5b0ee0ce767410fd.js:3
[   46003ms] [LOG] [ Federation Runtime ] Version 18.2.0 from dashboard of shared singleton module react-dom does not satisfy the requirement of dashboard which needs catalog:react18) @ https://dash.cloudflare.com/runtime.5b0ee0ce767410fd.js:3
[   46012ms] [LOG] [ Federation Runtime ] Version 11.7.0 from dashboard of shared singleton module react-fela does not satisfy the requirement of dashboard which needs 11.6.1) @ https://dash.cloudflare.com/runtime.5b0ee0ce767410fd.js:3
[   46012ms] [LOG] [ Federation Runtime ] Version 1.12.9 from dashboard of shared singleton module @cloudflare/intl-react does not satisfy the requirement of dashboard which needs workspace:^) @ https://dash.cloudflare.com/runtime.5b0ee0ce767410fd.js:3
[   46774ms] [LOG] [ Federation Runtime ] Version 1.12.9 from dashboard of shared singleton module @cloudflare/intl-react does not satisfy the requirement of dashboard which needs workspace:^) @ https://dash.cloudflare.com/cf-f68ab35ed57b47aa.js:2
[   46776ms] [LOG] [ Federation Runtime ] Version 1.12.9 from dashboard of shared singleton module @cloudflare/intl-react does not satisfy the requirement of dashboard which needs workspace:^) @ https://dash.cloudflare.com/cf-f68ab35ed57b47aa.js:2
[   46777ms] [LOG] [ Federation Runtime ] Version 1.12.9 from dashboard of shared singleton module @cloudflare/intl-react does not satisfy the requirement of dashboard which needs workspace:^) @ https://dash.cloudflare.com/cf-f68ab35ed57b47aa.js:2
[   46777ms] [LOG] [ Federation Runtime ] Version 1.12.9 from dashboard of shared singleton module @cloudflare/intl-react does not satisfy the requirement of dashboard which needs workspace:^) @ https://dash.cloudflare.com/cf-f68ab35ed57b47aa.js:2
[   46778ms] [LOG] [ Federation Runtime ] Version 1.12.9 from dashboard of shared singleton module @cloudflare/intl-react does not satisfy the requirement of dashboard which needs workspace:^) @ https://dash.cloudflare.com/cf-f68ab35ed57b47aa.js:2
[   46778ms] [LOG] [ Federation Runtime ] Version 1.12.9 from dashboard of shared singleton module @cloudflare/intl-react does not satisfy the requirement of dashboard which needs workspace:^) @ https://dash.cloudflare.com/cf-f68ab35ed57b47aa.js:2
[   46778ms] [LOG] [ Federation Runtime ] Version 1.12.9 from dashboard of shared singleton module @cloudflare/intl-react does not satisfy the requirement of dashboard which needs workspace:^) @ https://dash.cloudflare.com/cf-f68ab35ed57b47aa.js:2
[   46778ms] [LOG] [ Federation Runtime ] Version 1.12.9 from dashboard of shared singleton module @cloudflare/intl-react does not satisfy the requirement of dashboard which needs workspace:^) @ https://dash.cloudflare.com/cf-f68ab35ed57b47aa.js:2
[   46778ms] [LOG] [ Federation Runtime ] Version 1.12.9 from dashboard of shared singleton module @cloudflare/intl-react does not satisfy the requirement of dashboard which needs workspace:^) @ https://dash.cloudflare.com/cf-f68ab35ed57b47aa.js:2
[   46778ms] [LOG] [ Federation Runtime ] Version 1.12.9 from dashboard of shared singleton module @cloudflare/intl-react does not satisfy the requirement of dashboard which needs workspace:^) @ https://dash.cloudflare.com/cf-f68ab35ed57b47aa.js:2
[   46779ms] [LOG] [ Federation Runtime ] Version 1.12.9 from dashboard of shared singleton module @cloudflare/intl-react does not satisfy the requirement of dashboard which needs workspace:^) @ https://dash.cloudflare.com/cf-f68ab35ed57b47aa.js:2
[   46779ms] [LOG] [ Federation Runtime ] Version 1.12.9 from dashboard of shared singleton module @cloudflare/intl-react does not satisfy the requirement of dashboard which needs workspace:^) @ https://dash.cloudflare.com/cf-f68ab35ed57b47aa.js:2
[   46779ms] [LOG] [ Federation Runtime ] Version 1.12.9 from dashboard of shared singleton module @cloudflare/intl-react does not satisfy the requirement of dashboard which needs workspace:^) @ https://dash.cloudflare.com/cf-f68ab35ed57b47aa.js:2
[   46779ms] [LOG] [ Federation Runtime ] Version 1.12.9 from dashboard of shared singleton module @cloudflare/intl-react does not satisfy the requirement of dashboard which needs workspace:^) @ https://dash.cloudflare.com/cf-f68ab35ed57b47aa.js:2
[   46779ms] [LOG] [ Federation Runtime ] Version 1.12.9 from dashboard of shared singleton module @cloudflare/intl-react does not satisfy the requirement of dashboard which needs workspace:^) @ https://dash.cloudflare.com/cf-f68ab35ed57b47aa.js:2
[   46779ms] [LOG] [ Federation Runtime ] Version 1.12.9 from dashboard of shared singleton module @cloudflare/intl-react does not satisfy the requirement of dashboard which needs workspace:^) @ https://dash.cloudflare.com/cf-f68ab35ed57b47aa.js:2
[   46780ms] [LOG] [ Federation Runtime ] Version 1.12.9 from dashboard of shared singleton module @cloudflare/intl-react does not satisfy the requirement of dashboard which needs workspace:^) @ https://dash.cloudflare.com/cf-f68ab35ed57b47aa.js:2
[   47462ms] [ERROR] Failed to load resource: the server responded with a status of 403 (Forbidden) @ https://dash.cloudflare.com/api/v4/organizations?per_page=100:0
[   50009ms] [LOG] The next request for the Private Access Token challenge may return a 401 and show a warning in console. @ https://challenges.cloudflare.com/cdn-cgi/challenge-platform/h/g/turnstile/f/ov2/av0/rch/edwt0/0x4AAAAAAAJel0iaAR3mgkjp/light/fbE/new/flexible?lang=auto:0
[   50063ms] [ERROR] Failed to load resource: the server responded with a status of 401 () @ https://challenges.cloudflare.com/cdn-cgi/challenge-platform/h/g/pat/a0ba374fde2ea48b/1781449347000/fb4b2334d8a796e3e7df143f74385180e1350e97a4fe7a115cc332f99a2d6f01/Phx4QX03MorNcfn:0
[   51313ms] [LOG] /.*.*=.*/ @ https://challenges.cloudflare.com/cdn-cgi/challenge-platform/h/g/turnstile/f/ov2/av0/rch/edwt0/0x4AAAAAAAJel0iaAR3mgkjp/light/fbE/new/flexible?lang=auto:0
[   51313ms] [LOG] /.*.*=.*/ @ https://challenges.cloudflare.com/cdn-cgi/challenge-platform/h/g/turnstile/f/ov2/av0/rch/edwt0/0x4AAAAAAAJel0iaAR3mgkjp/light/fbE/new/flexible?lang=auto:0
[   51313ms] [LOG] function () { [native code] } @ https://challenges.cloudflare.com/cdn-cgi/challenge-platform/h/g/turnstile/f/ov2/av0/rch/edwt0/0x4AAAAAAAJel0iaAR3mgkjp/light/fbE/new/flexible?lang=auto:0
[   51314ms] [LOG] function () { [native code] } @ https://challenges.cloudflare.com/cdn-cgi/challenge-platform/h/g/turnstile/f/ov2/av0/rch/edwt0/0x4AAAAAAAJel0iaAR3mgkjp/light/fbE/new/flexible?lang=auto:0
[   51314ms] [LOG] JSHandle@node @ https://challenges.cloudflare.com/cdn-cgi/challenge-platform/h/g/turnstile/f/ov2/av0/rch/edwt0/0x4AAAAAAAJel0iaAR3mgkjp/light/fbE/new/flexible?lang=auto:0
[   51314ms] [LOG] JSHandle@node @ https://challenges.cloudflare.com/cdn-cgi/challenge-platform/h/g/turnstile/f/ov2/av0/rch/edwt0/0x4AAAAAAAJel0iaAR3mgkjp/light/fbE/new/flexible?lang=auto:0
[   51315ms] [COUNT]  : 1 @ https://challenges.cloudflare.com/cdn-cgi/challenge-platform/h/g/turnstile/f/ov2/av0/rch/edwt0/0x4AAAAAAAJel0iaAR3mgkjp/light/fbE/new/flexible?lang=auto:0
[   51315ms] [COUNT]  : 1 @ https://challenges.cloudflare.com/cdn-cgi/challenge-platform/h/g/turnstile/f/ov2/av0/rch/edwt0/0x4AAAAAAAJel0iaAR3mgkjp/light/fbE/new/flexible?lang=auto:0
[   51315ms] [DIR]  Error @ https://challenges.cloudflare.com/cdn-cgi/challenge-platform/h/g/turnstile/f/ov2/av0/rch/edwt0/0x4AAAAAAAJel0iaAR3mgkjp/light/fbE/new/flexible?lang=auto:0
[   51316ms] [DIR]  Error @ https://challenges.cloudflare.com/cdn-cgi/challenge-platform/h/g/turnstile/f/ov2/av0/rch/edwt0/0x4AAAAAAAJel0iaAR3mgkjp/light/fbE/new/flexible?lang=auto:0
[   51316ms] [DIRXML] %c%d font-size:0;color:transparent Error @ https://challenges.cloudflare.com/cdn-cgi/challenge-platform/h/g/turnstile/f/ov2/av0/rch/edwt0/0x4AAAAAAAJel0iaAR3mgkjp/light/fbE/new/flexible?lang=auto:0
[   51316ms] [DIRXML] %c%d font-size:0;color:transparent Error @ https://challenges.cloudflare.com/cdn-cgi/challenge-platform/h/g/turnstile/f/ov2/av0/rch/edwt0/0x4AAAAAAAJel0iaAR3mgkjp/light/fbE/new/flexible?lang=auto:0
[   51316ms] [ERROR] %c%d font-size:0;color:transparent NaN @ https://challenges.cloudflare.com/cdn-cgi/challenge-platform/h/g/turnstile/f/ov2/av0/rch/edwt0/0x4AAAAAAAJel0iaAR3mgkjp/light/fbE/new/flexible?lang=auto:0
[   51316ms] [ERROR] %c%d font-size:0;color:transparent NaN @ https://challenges.cloudflare.com/cdn-cgi/challenge-platform/h/g/turnstile/f/ov2/av0/rch/edwt0/0x4AAAAAAAJel0iaAR3mgkjp/light/fbE/new/flexible?lang=auto:0
[   51316ms] [INFO] %c%d font-size:0;color:transparent NaN @ https://challenges.cloudflare.com/cdn-cgi/challenge-platform/h/g/turnstile/f/ov2/av0/rch/edwt0/0x4AAAAAAAJel0iaAR3mgkjp/light/fbE/new/flexible?lang=auto:0
[   51317ms] [INFO] %c%d font-size:0;color:transparent NaN @ https://challenges.cloudflare.com/cdn-cgi/challenge-platform/h/g/turnstile/f/ov2/av0/rch/edwt0/0x4AAAAAAAJel0iaAR3mgkjp/light/fbE/new/flexible?lang=auto:0
[   51317ms] [LOG] %c%d font-size:0;color:transparent NaN @ https://challenges.cloudflare.com/cdn-cgi/challenge-platform/h/g/turnstile/f/ov2/av0/rch/edwt0/0x4AAAAAAAJel0iaAR3mgkjp/light/fbE/new/flexible?lang=auto:0
[   51317ms] [LOG] %c%d font-size:0;color:transparent NaN @ https://challenges.cloudflare.com/cdn-cgi/challenge-platform/h/g/turnstile/f/ov2/av0/rch/edwt0/0x4AAAAAAAJel0iaAR3mgkjp/light/fbE/new/flexible?lang=auto:0
[   51317ms] [TABLE] %c%d font-size:0;color:transparent Error @ https://challenges.cloudflare.com/cdn-cgi/challenge-platform/h/g/turnstile/f/ov2/av0/rch/edwt0/0x4AAAAAAAJel0iaAR3mgkjp/light/fbE/new/flexible?lang=auto:0
[   51317ms] [TABLE] %c%d font-size:0;color:transparent Error @ https://challenges.cloudflare.com/cdn-cgi/challenge-platform/h/g/turnstile/f/ov2/av0/rch/edwt0/0x4AAAAAAAJel0iaAR3mgkjp/light/fbE/new/flexible?lang=auto:0
[   51318ms] [WARNING] %c%d font-size:0;color:transparent NaN @ https://challenges.cloudflare.com/cdn-cgi/challenge-platform/h/g/turnstile/f/ov2/av0/rch/edwt0/0x4AAAAAAAJel0iaAR3mgkjp/light/fbE/new/flexible?lang=auto:0
[   51318ms] [WARNING] %c%d font-size:0;color:transparent NaN @ https://challenges.cloudflare.com/cdn-cgi/challenge-platform/h/g/turnstile/f/ov2/av0/rch/edwt0/0x4AAAAAAAJel0iaAR3mgkjp/light/fbE/new/flexible?lang=auto:0
